  EndingScene.cpp
C:\Yeni\GDIGameProject\GDIGameExtendingWorm\YeniGame\MyFirstWndGame.h(124,99): warning C4244: '인수': 'const int'에서 'float'(으)로 변환하면서 데이터가 손실될 수 있습니다.
  (소스 파일 'EndingScene.cpp'을(를) 컴파일하는 중)
  
C:\Yeni\GDIGameProject\GDIGameExtendingWorm\YeniGame\MyFirstWndGame.h(124,78): warning C4244: '인수': 'const int'에서 'float'(으)로 변환하면서 데이터가 손실될 수 있습니다.
  (소스 파일 'EndingScene.cpp'을(를) 컴파일하는 중)
  
C:\Yeni\GDIGameProject\GDIGameExtendingWorm\YeniGame\MyFirstWndGame.h(125,93): warning C4244: '인수': 'const int'에서 'float'(으)로 변환하면서 데이터가 손실될 수 있습니다.
  (소스 파일 'EndingScene.cpp'을(를) 컴파일하는 중)
  
C:\Yeni\GDIGameProject\GDIGameExtendingWorm\YeniGame\MyFirstWndGame.h(125,74): warning C4244: '인수': 'const int'에서 'float'(으)로 변환하면서 데이터가 손실될 수 있습니다.
  (소스 파일 'EndingScene.cpp'을(를) 컴파일하는 중)
  
C:\Yeni\GDIGameProject\GDIGameExtendingWorm\YeniGame\EndingScene.cpp(37,44): warning C4267: '인수': 'size_t'에서 'int'(으)로 변환하면서 데이터가 손실될 수 있습니다.
  MyFirstWndGame.cpp
C:\Yeni\GDIGameProject\GDIGameExtendingWorm\YeniGame\MyFirstWndGame.h(124,99): warning C4244: '인수': 'const int'에서 'float'(으)로 변환하면서 데이터가 손실될 수 있습니다.
  (소스 파일 'MyFirstWndGame.cpp'을(를) 컴파일하는 중)
  
C:\Yeni\GDIGameProject\GDIGameExtendingWorm\YeniGame\MyFirstWndGame.h(124,78): warning C4244: '인수': 'const int'에서 'float'(으)로 변환하면서 데이터가 손실될 수 있습니다.
  (소스 파일 'MyFirstWndGame.cpp'을(를) 컴파일하는 중)
  
C:\Yeni\GDIGameProject\GDIGameExtendingWorm\YeniGame\MyFirstWndGame.h(125,93): warning C4244: '인수': 'const int'에서 'float'(으)로 변환하면서 데이터가 손실될 수 있습니다.
  (소스 파일 'MyFirstWndGame.cpp'을(를) 컴파일하는 중)
  
C:\Yeni\GDIGameProject\GDIGameExtendingWorm\YeniGame\MyFirstWndGame.h(125,74): warning C4244: '인수': 'const int'에서 'float'(으)로 변환하면서 데이터가 손실될 수 있습니다.
  (소스 파일 'MyFirstWndGame.cpp'을(를) 컴파일하는 중)
  
  TitleScene.cpp
C:\Yeni\GDIGameProject\GDIGameExtendingWorm\YeniGame\MyFirstWndGame.h(124,99): warning C4244: '인수': 'const int'에서 'float'(으)로 변환하면서 데이터가 손실될 수 있습니다.
  (소스 파일 'TitleScene.cpp'을(를) 컴파일하는 중)
  
C:\Yeni\GDIGameProject\GDIGameExtendingWorm\YeniGame\MyFirstWndGame.h(124,78): warning C4244: '인수': 'const int'에서 'float'(으)로 변환하면서 데이터가 손실될 수 있습니다.
  (소스 파일 'TitleScene.cpp'을(를) 컴파일하는 중)
  
C:\Yeni\GDIGameProject\GDIGameExtendingWorm\YeniGame\MyFirstWndGame.h(125,93): warning C4244: '인수': 'const int'에서 'float'(으)로 변환하면서 데이터가 손실될 수 있습니다.
  (소스 파일 'TitleScene.cpp'을(를) 컴파일하는 중)
  
C:\Yeni\GDIGameProject\GDIGameExtendingWorm\YeniGame\MyFirstWndGame.h(125,74): warning C4244: '인수': 'const int'에서 'float'(으)로 변환하면서 데이터가 손실될 수 있습니다.
  (소스 파일 'TitleScene.cpp'을(를) 컴파일하는 중)
  
C:\Yeni\GDIGameProject\GDIGameExtendingWorm\YeniGame\TitleScene.cpp(132,48): warning C4244: '인수': 'int'에서 'float'(으)로 변환하면서 데이터가 손실될 수 있습니다.
C:\Yeni\GDIGameProject\GDIGameExtendingWorm\YeniGame\TitleScene.cpp(132,32): warning C4244: '인수': 'int'에서 'float'(으)로 변환하면서 데이터가 손실될 수 있습니다.
  코드를 생성하고 있습니다...
  YeniGame.vcxproj -> C:\Yeni\GDIGameProject\GDIGameExtendingWorm\x64\Debug\YeniGame.exe
