  Collider.cpp
  EndingScene.cpp
D:\Dev\GDIGameExtendingWorm\YeniGame\MyFirstWndGame.h(125,99): warning C4244: '인수': 'const int'에서 'float'(으)로 변환하면서 데이터가 손실될 수 있습니다.
  (소스 파일 'EndingScene.cpp'을(를) 컴파일하는 중)
  
D:\Dev\GDIGameExtendingWorm\YeniGame\MyFirstWndGame.h(125,78): warning C4244: '인수': 'const int'에서 'float'(으)로 변환하면서 데이터가 손실될 수 있습니다.
  (소스 파일 'EndingScene.cpp'을(를) 컴파일하는 중)
  
D:\Dev\GDIGameExtendingWorm\YeniGame\MyFirstWndGame.h(126,93): warning C4244: '인수': 'const int'에서 'float'(으)로 변환하면서 데이터가 손실될 수 있습니다.
  (소스 파일 'EndingScene.cpp'을(를) 컴파일하는 중)
  
D:\Dev\GDIGameExtendingWorm\YeniGame\MyFirstWndGame.h(126,74): warning C4244: '인수': 'const int'에서 'float'(으)로 변환하면서 데이터가 손실될 수 있습니다.
  (소스 파일 'EndingScene.cpp'을(를) 컴파일하는 중)
  
D:\Dev\GDIGameExtendingWorm\YeniGame\EndingScene.cpp(41,44): warning C4267: '인수': 'size_t'에서 'int'(으)로 변환하면서 데이터가 손실될 수 있습니다.
  GameObject.cpp
D:\Dev\GDIGameExtendingWorm\YeniGame\GameObject.cpp(100,41): warning C4244: '인수': 'double'에서 'int'(으)로 변환하면서 데이터가 손실될 수 있습니다.
D:\Dev\GDIGameExtendingWorm\YeniGame\GameObject.cpp(99,41): warning C4244: '인수': 'double'에서 'int'(으)로 변환하면서 데이터가 손실될 수 있습니다.
D:\Dev\GDIGameExtendingWorm\YeniGame\GameObject.cpp(98,41): warning C4244: '인수': 'double'에서 'int'(으)로 변환하면서 데이터가 손실될 수 있습니다.
D:\Dev\GDIGameExtendingWorm\YeniGame\GameObject.cpp(97,50): warning C4244: '인수': 'double'에서 'int'(으)로 변환하면서 데이터가 손실될 수 있습니다.
D:\Dev\GDIGameExtendingWorm\YeniGame\GameObject.cpp(108,38): warning C4244: '인수': 'float'에서 'int'(으)로 변환하면서 데이터가 손실될 수 있습니다.
D:\Dev\GDIGameExtendingWorm\YeniGame\GameObject.cpp(107,38): warning C4244: '인수': 'float'에서 'int'(으)로 변환하면서 데이터가 손실될 수 있습니다.
D:\Dev\GDIGameExtendingWorm\YeniGame\GameObject.cpp(106,38): warning C4244: '인수': 'float'에서 'int'(으)로 변환하면서 데이터가 손실될 수 있습니다.
D:\Dev\GDIGameExtendingWorm\YeniGame\GameObject.cpp(105,49): warning C4244: '인수': 'float'에서 'int'(으)로 변환하면서 데이터가 손실될 수 있습니다.
D:\Dev\GDIGameExtendingWorm\YeniGame\GameObject.cpp(136,41): warning C4244: '인수': 'double'에서 'int'(으)로 변환하면서 데이터가 손실될 수 있습니다.
D:\Dev\GDIGameExtendingWorm\YeniGame\GameObject.cpp(135,41): warning C4244: '인수': 'double'에서 'int'(으)로 변환하면서 데이터가 손실될 수 있습니다.
D:\Dev\GDIGameExtendingWorm\YeniGame\GameObject.cpp(134,41): warning C4244: '인수': 'double'에서 'int'(으)로 변환하면서 데이터가 손실될 수 있습니다.
D:\Dev\GDIGameExtendingWorm\YeniGame\GameObject.cpp(133,50): warning C4244: '인수': 'double'에서 'int'(으)로 변환하면서 데이터가 손실될 수 있습니다.
D:\Dev\GDIGameExtendingWorm\YeniGame\GameObject.cpp(144,38): warning C4244: '인수': 'float'에서 'int'(으)로 변환하면서 데이터가 손실될 수 있습니다.
D:\Dev\GDIGameExtendingWorm\YeniGame\GameObject.cpp(143,38): warning C4244: '인수': 'float'에서 'int'(으)로 변환하면서 데이터가 손실될 수 있습니다.
D:\Dev\GDIGameExtendingWorm\YeniGame\GameObject.cpp(142,38): warning C4244: '인수': 'float'에서 'int'(으)로 변환하면서 데이터가 손실될 수 있습니다.
D:\Dev\GDIGameExtendingWorm\YeniGame\GameObject.cpp(141,49): warning C4244: '인수': 'float'에서 'int'(으)로 변환하면서 데이터가 손실될 수 있습니다.
D:\Dev\GDIGameExtendingWorm\YeniGame\GameObject.cpp(200,27): warning C4244: '초기화 중': 'float'에서 'int'(으)로 변환하면서 데이터가 손실될 수 있습니다.
D:\Dev\GDIGameExtendingWorm\YeniGame\GameObject.cpp(200,17): warning C4244: '초기화 중': 'float'에서 'const int'(으)로 변환하면서 데이터가 손실될 수 있습니다.
D:\Dev\GDIGameExtendingWorm\YeniGame\GameObject.cpp(201,27): warning C4244: '초기화 중': 'float'에서 'int'(으)로 변환하면서 데이터가 손실될 수 있습니다.
D:\Dev\GDIGameExtendingWorm\YeniGame\GameObject.cpp(201,17): warning C4244: '초기화 중': 'float'에서 'const int'(으)로 변환하면서 데이터가 손실될 수 있습니다.
  GameTimer.cpp
  Main.cpp
D:\Dev\GDIGameExtendingWorm\YeniGame\MyFirstWndGame.h(125,99): warning C4244: '인수': 'const int'에서 'float'(으)로 변환하면서 데이터가 손실될 수 있습니다.
  (소스 파일 'Main.cpp'을(를) 컴파일하는 중)
  
D:\Dev\GDIGameExtendingWorm\YeniGame\MyFirstWndGame.h(125,78): warning C4244: '인수': 'const int'에서 'float'(으)로 변환하면서 데이터가 손실될 수 있습니다.
  (소스 파일 'Main.cpp'을(를) 컴파일하는 중)
  
D:\Dev\GDIGameExtendingWorm\YeniGame\MyFirstWndGame.h(126,93): warning C4244: '인수': 'const int'에서 'float'(으)로 변환하면서 데이터가 손실될 수 있습니다.
  (소스 파일 'Main.cpp'을(를) 컴파일하는 중)
  
D:\Dev\GDIGameExtendingWorm\YeniGame\MyFirstWndGame.h(126,74): warning C4244: '인수': 'const int'에서 'float'(으)로 변환하면서 데이터가 손실될 수 있습니다.
  (소스 파일 'Main.cpp'을(를) 컴파일하는 중)
  
  MyFirstWndGame.cpp
D:\Dev\GDIGameExtendingWorm\YeniGame\MyFirstWndGame.h(125,99): warning C4244: '인수': 'const int'에서 'float'(으)로 변환하면서 데이터가 손실될 수 있습니다.
  (소스 파일 'MyFirstWndGame.cpp'을(를) 컴파일하는 중)
  
D:\Dev\GDIGameExtendingWorm\YeniGame\MyFirstWndGame.h(125,78): warning C4244: '인수': 'const int'에서 'float'(으)로 변환하면서 데이터가 손실될 수 있습니다.
  (소스 파일 'MyFirstWndGame.cpp'을(를) 컴파일하는 중)
  
D:\Dev\GDIGameExtendingWorm\YeniGame\MyFirstWndGame.h(126,93): warning C4244: '인수': 'const int'에서 'float'(으)로 변환하면서 데이터가 손실될 수 있습니다.
  (소스 파일 'MyFirstWndGame.cpp'을(를) 컴파일하는 중)
  
D:\Dev\GDIGameExtendingWorm\YeniGame\MyFirstWndGame.h(126,74): warning C4244: '인수': 'const int'에서 'float'(으)로 변환하면서 데이터가 손실될 수 있습니다.
  (소스 파일 'MyFirstWndGame.cpp'을(를) 컴파일하는 중)
  
  NzWndBase.cpp
  PlayScene.cpp
D:\Dev\GDIGameExtendingWorm\YeniGame\MyFirstWndGame.h(125,99): warning C4244: '인수': 'const int'에서 'float'(으)로 변환하면서 데이터가 손실될 수 있습니다.
  (소스 파일 'PlayScene.cpp'을(를) 컴파일하는 중)
  
D:\Dev\GDIGameExtendingWorm\YeniGame\MyFirstWndGame.h(125,78): warning C4244: '인수': 'const int'에서 'float'(으)로 변환하면서 데이터가 손실될 수 있습니다.
  (소스 파일 'PlayScene.cpp'을(를) 컴파일하는 중)
  
D:\Dev\GDIGameExtendingWorm\YeniGame\MyFirstWndGame.h(126,93): warning C4244: '인수': 'const int'에서 'float'(으)로 변환하면서 데이터가 손실될 수 있습니다.
  (소스 파일 'PlayScene.cpp'을(를) 컴파일하는 중)
  
D:\Dev\GDIGameExtendingWorm\YeniGame\MyFirstWndGame.h(126,74): warning C4244: '인수': 'const int'에서 'float'(으)로 변환하면서 데이터가 손실될 수 있습니다.
  (소스 파일 'PlayScene.cpp'을(를) 컴파일하는 중)
  
D:\Dev\GDIGameExtendingWorm\YeniGame\PlayScene.cpp(102,53): warning C4244: '=': 'float'에서 'int'(으)로 변환하면서 데이터가 손실될 수 있습니다.
D:\Dev\GDIGameExtendingWorm\YeniGame\PlayScene.cpp(103,53): warning C4244: '=': 'float'에서 'int'(으)로 변환하면서 데이터가 손실될 수 있습니다.
D:\Dev\GDIGameExtendingWorm\YeniGame\PlayScene.cpp(104,44): warning C4244: '=': 'double'에서 'int'(으)로 변환하면서 데이터가 손실될 수 있습니다.
D:\Dev\GDIGameExtendingWorm\YeniGame\PlayScene.cpp(275,22): warning C4244: '인수': 'unsigned __int64'에서 'unsigned int'(으)로 변환하면서 데이터가 손실될 수 있습니다.
D:\Dev\GDIGameExtendingWorm\YeniGame\PlayScene.cpp(279,22): warning C4244: '=': 'int'에서 'float'(으)로 변환하면서 데이터가 손실될 수 있습니다.
D:\Dev\GDIGameExtendingWorm\YeniGame\PlayScene.cpp(280,23): warning C4244: '=': 'int'에서 'float'(으)로 변환하면서 데이터가 손실될 수 있습니다.
D:\Dev\GDIGameExtendingWorm\YeniGame\PlayScene.cpp(364,30): warning C4244: '인수': 'unsigned __int64'에서 'unsigned int'(으)로 변환하면서 데이터가 손실될 수 있습니다.
D:\Dev\GDIGameExtendingWorm\YeniGame\PlayScene.cpp(368,30): warning C4244: '=': 'int'에서 'float'(으)로 변환하면서 데이터가 손실될 수 있습니다.
D:\Dev\GDIGameExtendingWorm\YeniGame\PlayScene.cpp(369,31): warning C4244: '=': 'int'에서 'float'(으)로 변환하면서 데이터가 손실될 수 있습니다.
D:\Dev\GDIGameExtendingWorm\YeniGame\PlayScene.cpp(524,44): warning C4267: '인수': 'size_t'에서 'int'(으)로 변환하면서 데이터가 손실될 수 있습니다.
  RenderHelp.cpp
  Scene.cpp
  TitleScene.cpp
D:\Dev\GDIGameExtendingWorm\YeniGame\MyFirstWndGame.h(125,99): warning C4244: '인수': 'const int'에서 'float'(으)로 변환하면서 데이터가 손실될 수 있습니다.
  (소스 파일 'TitleScene.cpp'을(를) 컴파일하는 중)
  
D:\Dev\GDIGameExtendingWorm\YeniGame\MyFirstWndGame.h(125,78): warning C4244: '인수': 'const int'에서 'float'(으)로 변환하면서 데이터가 손실될 수 있습니다.
  (소스 파일 'TitleScene.cpp'을(를) 컴파일하는 중)
  
D:\Dev\GDIGameExtendingWorm\YeniGame\MyFirstWndGame.h(126,93): warning C4244: '인수': 'const int'에서 'float'(으)로 변환하면서 데이터가 손실될 수 있습니다.
  (소스 파일 'TitleScene.cpp'을(를) 컴파일하는 중)
  
D:\Dev\GDIGameExtendingWorm\YeniGame\MyFirstWndGame.h(126,74): warning C4244: '인수': 'const int'에서 'float'(으)로 변환하면서 데이터가 손실될 수 있습니다.
  (소스 파일 'TitleScene.cpp'을(를) 컴파일하는 중)
  
D:\Dev\GDIGameExtendingWorm\YeniGame\TitleScene.cpp(132,48): warning C4244: '인수': 'int'에서 'float'(으)로 변환하면서 데이터가 손실될 수 있습니다.
D:\Dev\GDIGameExtendingWorm\YeniGame\TitleScene.cpp(132,32): warning C4244: '인수': 'int'에서 'float'(으)로 변환하면서 데이터가 손실될 수 있습니다.
  Utillity.cpp
  코드를 생성하고 있습니다.
  Previous IPDB not found, fall back to full compilation.
  All 219 functions were compiled because no usable IPDB/IOBJ from previous compilation was found.
  코드를 생성했습니다.
  YeniGame.vcxproj -> D:\Dev\GDIGameExtendingWorm\x64\Release\YeniGame.exe
